"D:\CLion 2021.2.1\bin\cmake\win\bin\cmake.exe" -DCMAKE_BUILD_TYPE=Debug -DCMAKE_DEPENDS_USE_COMPILER=FALSE -G "CodeBlocks - NMake Makefiles" D:\sourceCode\cCode\测试
-- The C compiler identification is MSVC 19.29.30133.0
-- The CXX compiler identification is MSVC 19.29.30133.0
-- Detecting C compiler ABI info
-- Detecting C compiler ABI info - failed
-- Check for working C compiler: D:/Visual Studio2019/VC/Tools/MSVC/14.29.30133/bin/Hostx86/x86/cl.exe
-- Check for working C compiler: D:/Visual Studio2019/VC/Tools/MSVC/14.29.30133/bin/Hostx86/x86/cl.exe - broken
CMake Error at D:/CLion 2021.2.1/bin/cmake/win/share/cmake-3.20/Modules/CMakeTestCCompiler.cmake:66 (message):
  The C compiler

    "D:/Visual Studio2019/VC/Tools/MSVC/14.29.30133/bin/Hostx86/x86/cl.exe"

  is not able to compile a simple test program.

  It fails with the following output:

    Change Dir: D:/sourceCode/cCode/娴嬭瘯/cmake-build-debug/CMakeFiles/CMakeTmp
    
    Run Build Command(s):nmake -f Makefile /nologo cmTC_c5421\fast && 	"D:\Visual Studio2019\VC\Tools\MSVC\14.29.30133\bin\HostX86\x86\nmake.exe"  -f CMakeFiles\cmTC_c5421.dir\build.make /nologo -L                  CMakeFiles\cmTC_c5421.dir\build
    Building C object CMakeFiles/cmTC_c5421.dir/testCCompiler.c.obj
    	"D:\CLion 2021.2.1\bin\cmake\win\bin\cmake.exe" -E cmake_cl_compile_depends --dep-file=CMakeFiles\cmTC_c5421.dir\testCCompiler.c.obj.d --working-dir=D:\sourceCode\cCode\娴嬭瘯\cmake-build-debug\CMakeFiles\CMakeTmp --filter-prefix="" -- "D:\Visual Studio2019\VC\Tools\MSVC\14.29.30133\bin\Hostx86\x86\cl.exe" @C:\Users\ZHONGZ~1\AppData\Local\Temp\nm4E6B.tmp
    Linking C executable cmTC_c5421.exe
    	"D:\CLion 2021.2.1\bin\cmake\win\bin\cmake.exe" -E vs_link_exe --intdir=CMakeFiles\cmTC_c5421.dir --rc="D:\Windows Kits\10\bin\10.0.19041.0\x86\rc.exe" --mt="D:\Windows Kits\10\bin\10.0.19041.0\x86\mt.exe" --manifests -- "D:\Visual Studio2019\VC\Tools\MSVC\14.29.30133\bin\Hostx86\x86\link.exe" /nologo @CMakeFiles\cmTC_c5421.dir\objects1.rsp @C:\Users\ZHONGZ~1\AppData\Local\Temp\nm4F56.tmp
    LINK Pass 1: command "D:\Visual Studio2019\VC\Tools\MSVC\14.29.30133\bin\Hostx86\x86\link.exe /nologo @CMakeFiles\cmTC_c5421.dir\objects1.rsp /out:cmTC_c5421.exe /implib:cmTC_c5421.lib /pdb:D:\sourceCode\cCode\????\cmake-build-debug\CMakeFiles\CMakeTmp\cmTC_c5421.pdb /version:0.0 /machine:X86 /debug /INCREMENTAL /subsystem:console kernel32.lib user32.lib gdi32.lib winspool.lib shell32.lib ole32.lib oleaut32.lib uuid.lib comdlg32.lib advapi32.lib /MANIFEST /MANIFESTFILE:CMakeFiles\cmTC_c5421.dir/intermediate.manifest CMakeFiles\cmTC_c5421.dir/manifest.res" failed (exit code 1201) with the following output:
    LINK : fatal error LNK1201: 鍐欏叆绋嬪簭鏁版嵁搴撯�淒:\sourceCode\cCode\????\cmake-build-debug\CMakeFiles\CMakeTmp\cmTC_c5421.pdb鈥濇椂鍑洪敊锛涜妫�鏌ユ槸鍚︽槸纾佺洏绌洪棿涓嶈冻銆佽矾寰勬棤鏁堟垨鏉冮檺涓嶅
    NMAKE : fatal error U1077: 鈥�"D:\CLion 2021.2.1\bin\cmake\win\bin\cmake.exe"鈥�: 杩斿洖浠ｇ爜鈥�0xffffffff鈥�
    Stop.
    NMAKE : fatal error U1077: 鈥�"D:\Visual Studio2019\VC\Tools\MSVC\14.29.30133\bin\HostX86\x86\nmake.exe"鈥�: 杩斿洖浠ｇ爜鈥�0x2鈥�
    Stop.
    
    

  

  CMake will not be able to correctly generate this project.
Call Stack (most recent call first):
  CMakeLists.txt:2 (project)


-- Configuring incomplete, errors occurred!
See also "D:/sourceCode/cCode/娴嬭瘯/cmake-build-debug/CMakeFiles/CMakeOutput.log".
See also "D:/sourceCode/cCode/娴嬭瘯/cmake-build-debug/CMakeFiles/CMakeError.log".
